<?xml version="1.0" encoding="UTF-8"?>
<testng-results ignored="0" total="10" passed="9" failed="1" skipped="0">
  <reporter-output>
  </reporter-output>
  <suite started-at="2023-02-02T10:49:26 IST" name="Default suite" finished-at="2023-02-02T10:52:56 IST" duration-ms="210339">
    <groups>
      <group name="cucumber">
        <method signature="AbstractTestNGCucumberTests.runScenario(io.cucumber.testng.PickleWrapper,io.cucumber.testng.FeatureWrapper)[pri:0, instance:com.APIDemos.Runner.Run@942a29c]" name="runScenario" class="io.cucumber.testng.AbstractTestNGCucumberTests"/>
      </group> <!-- cucumber -->
    </groups>
    <test started-at="2023-02-02T10:49:26 IST" name="Default test" finished-at="2023-02-02T10:52:56 IST" duration-ms="210339">
      <class name="com.APIDemos.Runner.Run">
        <test-method is-config="true" signature="setUpClass(org.testng.ITestContext)[pri:0, instance:com.APIDemos.Runner.Run@942a29c]" started-at="2023-02-02T10:49:26 IST" name="setUpClass" finished-at="2023-02-02T10:49:27 IST" duration-ms="807" status="PASS">
          <params>
            <param index="0">
              <value>
                <![CDATA[org.testng.TestRunner@688d3e2a]]>
              </value>
            </param>
          </params>
          <reporter-output>
          </reporter-output>
        </test-method> <!-- setUpClass -->
        <test-method signature="runScenario(io.cucumber.testng.PickleWrapper,io.cucumber.testng.FeatureWrapper)[pri:0, instance:com.APIDemos.Runner.Run@942a29c]" started-at="2023-02-02T10:49:27 IST" name="runScenario" description="Runs Cucumber Scenarios" data-provider="scenarios" finished-at="2023-02-02T10:49:46 IST" duration-ms="19068" status="PASS">
          <params>
            <param index="0">
              <value>
                <![CDATA["user verify the Alarm controller functions"]]>
              </value>
            </param>
            <param index="1">
              <value>
                <![CDATA["user test the Alarm functionalities"]]>
              </value>
            </param>
          </params>
          <reporter-output>
          </reporter-output>
        </test-method> <!-- runScenario -->
        <test-method signature="runScenario(io.cucumber.testng.PickleWrapper,io.cucumber.testng.FeatureWrapper)[pri:0, instance:com.APIDemos.Runner.Run@942a29c]" started-at="2023-02-02T10:49:46 IST" name="runScenario" description="Runs Cucumber Scenarios" data-provider="scenarios" finished-at="2023-02-02T10:50:02 IST" duration-ms="16748" status="PASS">
          <params>
            <param index="0">
              <value>
                <![CDATA["user verify the Alarm service Functions"]]>
              </value>
            </param>
            <param index="1">
              <value>
                <![CDATA["user test the Alarm functionalities"]]>
              </value>
            </param>
          </params>
          <reporter-output>
          </reporter-output>
        </test-method> <!-- runScenario -->
        <test-method signature="runScenario(io.cucumber.testng.PickleWrapper,io.cucumber.testng.FeatureWrapper)[pri:0, instance:com.APIDemos.Runner.Run@942a29c]" started-at="2023-02-02T10:50:02 IST" name="runScenario" description="Runs Cucumber Scenarios" data-provider="scenarios" finished-at="2023-02-02T10:50:19 IST" duration-ms="16566" status="PASS">
          <params>
            <param index="0">
              <value>
                <![CDATA["check the chronometer start and stop"]]>
              </value>
            </param>
            <param index="1">
              <value>
                <![CDATA["verify the chronometer functionalties"]]>
              </value>
            </param>
          </params>
          <reporter-output>
          </reporter-output>
        </test-method> <!-- runScenario -->
        <test-method signature="runScenario(io.cucumber.testng.PickleWrapper,io.cucumber.testng.FeatureWrapper)[pri:0, instance:com.APIDemos.Runner.Run@942a29c]" started-at="2023-02-02T10:50:19 IST" name="runScenario" description="Runs Cucumber Scenarios" data-provider="scenarios" finished-at="2023-02-02T10:50:44 IST" duration-ms="25346" status="PASS">
          <params>
            <param index="0">
              <value>
                <![CDATA["user verify the reset functionality"]]>
              </value>
            </param>
            <param index="1">
              <value>
                <![CDATA["verify the chronometer functionalties"]]>
              </value>
            </param>
          </params>
          <reporter-output>
          </reporter-output>
        </test-method> <!-- runScenario -->
        <test-method signature="runScenario(io.cucumber.testng.PickleWrapper,io.cucumber.testng.FeatureWrapper)[pri:0, instance:com.APIDemos.Runner.Run@942a29c]" started-at="2023-02-02T10:50:44 IST" name="runScenario" description="Runs Cucumber Scenarios" data-provider="scenarios" finished-at="2023-02-02T10:51:02 IST" duration-ms="17817" status="PASS">
          <params>
            <param index="0">
              <value>
                <![CDATA["user verify the formating functionality working"]]>
              </value>
            </param>
            <param index="1">
              <value>
                <![CDATA["verify the chronometer functionalties"]]>
              </value>
            </param>
          </params>
          <reporter-output>
          </reporter-output>
        </test-method> <!-- runScenario -->
        <test-method signature="runScenario(io.cucumber.testng.PickleWrapper,io.cucumber.testng.FeatureWrapper)[pri:0, instance:com.APIDemos.Runner.Run@942a29c]" started-at="2023-02-02T10:51:02 IST" name="runScenario" description="Runs Cucumber Scenarios" data-provider="scenarios" finished-at="2023-02-02T10:51:20 IST" duration-ms="17957" status="PASS">
          <params>
            <param index="0">
              <value>
                <![CDATA["user verify clear format functionality working"]]>
              </value>
            </param>
            <param index="1">
              <value>
                <![CDATA["verify the chronometer functionalties"]]>
              </value>
            </param>
          </params>
          <reporter-output>
          </reporter-output>
        </test-method> <!-- runScenario -->
        <test-method signature="runScenario(io.cucumber.testng.PickleWrapper,io.cucumber.testng.FeatureWrapper)[pri:0, instance:com.APIDemos.Runner.Run@942a29c]" started-at="2023-02-02T10:51:20 IST" name="runScenario" description="Runs Cucumber Scenarios" data-provider="scenarios" finished-at="2023-02-02T10:51:40 IST" duration-ms="20156" status="FAIL">
          <params>
            <param index="0">
              <value>
                <![CDATA["user verify the get corky button"]]>
              </value>
            </param>
            <param index="1">
              <value>
                <![CDATA["User Test the menu functionality of Fragment"]]>
              </value>
            </param>
          </params>
          <exception class="java.lang.AssertionError">
            <message>
              <![CDATA[expected [(okay -1) Corky!
] but found [(okay -1) Corky!]]]>
            </message>
            <full-stacktrace>
              <![CDATA[java.lang.AssertionError: expected [(okay -1) Corky!
] but found [(okay -1) Corky!]
at org.testng.Assert.fail(Assert.java:99)
at org.testng.Assert.failNotEquals(Assert.java:1037)
at org.testng.Assert.assertEqualsImpl(Assert.java:140)
at org.testng.Assert.assertEquals(Assert.java:122)
at org.testng.Assert.assertEquals(Assert.java:629)
at org.testng.Assert.assertEquals(Assert.java:639)
at com.APIDemos.stepdefinations.FragmentResultStepDef.user_verify_that_results_text_with(FragmentResultStepDef.java:59)
at ✽.user verify that results text with "(okay -1) Corky!"(file:///C:/Users/rajkumar06/eclipse-workspace/Exit_Test/src/test/java/com/APIDemos/feature/Fragmentmenufeature.feature:12)
]]>
            </full-stacktrace>
          </exception> <!-- java.lang.AssertionError -->
          <reporter-output>
          </reporter-output>
        </test-method> <!-- runScenario -->
        <test-method signature="runScenario(io.cucumber.testng.PickleWrapper,io.cucumber.testng.FeatureWrapper)[pri:0, instance:com.APIDemos.Runner.Run@942a29c]" started-at="2023-02-02T10:51:40 IST" name="runScenario" description="Runs Cucumber Scenarios" data-provider="scenarios" finished-at="2023-02-02T10:52:04 IST" duration-ms="23969" status="PASS">
          <params>
            <param index="0">
              <value>
                <![CDATA["Verify the sms functionality to send the sms successfully"]]>
              </value>
            </param>
            <param index="1">
              <value>
                <![CDATA["Test the Sms functionality on OS Api"]]>
              </value>
            </param>
          </params>
          <reporter-output>
          </reporter-output>
        </test-method> <!-- runScenario -->
        <test-method signature="runScenario(io.cucumber.testng.PickleWrapper,io.cucumber.testng.FeatureWrapper)[pri:0, instance:com.APIDemos.Runner.Run@942a29c]" started-at="2023-02-02T10:52:04 IST" name="runScenario" description="Runs Cucumber Scenarios" data-provider="scenarios" finished-at="2023-02-02T10:52:32 IST" duration-ms="27962" status="PASS">
          <params>
            <param index="0">
              <value>
                <![CDATA["Verify the sms functionality that sms is not send"]]>
              </value>
            </param>
            <param index="1">
              <value>
                <![CDATA["Test the Sms functionality on OS Api"]]>
              </value>
            </param>
          </params>
          <reporter-output>
          </reporter-output>
        </test-method> <!-- runScenario -->
        <test-method signature="runScenario(io.cucumber.testng.PickleWrapper,io.cucumber.testng.FeatureWrapper)[pri:0, instance:com.APIDemos.Runner.Run@942a29c]" started-at="2023-02-02T10:52:32 IST" name="runScenario" description="Runs Cucumber Scenarios" data-provider="scenarios" finished-at="2023-02-02T10:52:55 IST" duration-ms="22939" status="PASS">
          <params>
            <param index="0">
              <value>
                <![CDATA["user verify the textswitcher functions"]]>
              </value>
            </param>
            <param index="1">
              <value>
                <![CDATA["Verify the functionalites of TextSwitcherPage"]]>
              </value>
            </param>
          </params>
          <reporter-output>
          </reporter-output>
        </test-method> <!-- runScenario -->
        <test-method is-config="true" signature="tearDownClass()[pri:0, instance:com.APIDemos.Runner.Run@942a29c]" started-at="2023-02-02T10:52:55 IST" name="tearDownClass" finished-at="2023-02-02T10:52:56 IST" duration-ms="947" status="PASS">
          <reporter-output>
          </reporter-output>
        </test-method> <!-- tearDownClass -->
      </class> <!-- com.APIDemos.Runner.Run -->
    </test> <!-- Default test -->
  </suite> <!-- Default suite -->
</testng-results>
